Node: 0 cpu_bitmask: 0x00000000 | num_cpus: 12
	0 1 2 3 4 5 6 7 8 9 10 11 
INFO: CPU Affinity: 0
INFO: CPU Affinity: 1
Creating new shard 
Creating new shard 
Creating SMALL POOL OF 10000 kmers
Creating BIG POOL OF 20000 kmers
Creating SMALL POOL OF 10000 kmers
Populating small kmer pool ... 
Creating new shard 
INFO: CPU Affinity: 2
Creating SMALL POOL OF 10000 kmers
Creating BIG POOL OF 20000 kmers
Creating BIG POOL OF 20000 kmers
Populating small kmer pool ... 
INFO: CPU Affinity: 3
Populating small kmer pool ... 
Creating new shard 
INFO: CPU Affinity: 4
Creating SMALL POOL OF 10000 kmers
Creating BIG POOL OF 20000 kmers
INFO: CPU Affinity: 5
Creating new shard Populating small kmer pool ... 
INFO: CPU Affinity: 6
Creating new shard 

INFO: CPU Affinity: 7
Creating new shard Creating new shard 

Creating SMALL POOL OF 10000 kmers
Creating SMALL POOL OF Creating new shard 
Creating SMALL POOL OF 10000 kmers
Creating BIG POOL OF 20000 kmers
Creating SMALL POOL OF 10000 kmers
INFO: CPU Affinity: 8
Populating small kmer pool ... 
Creating BIG POOL OF 20000 kmers
Populating small kmer pool ... 
Creating SMALL POOL OF 10000 kmersCreating BIG POOL OF 10000 kmers

20000 kmers
Creating new shard 
Creating BIG POOL OF 20000 kmers
Creating SMALL POOL OF 10000 kmers
INFO: CPU Affinity: 9
Creating BIG POOL OF 20000 kmers
Populating small kmer pool ... 
Populating small kmer pool ... 
Creating BIG POOL OF 20000 kmers
Populating small kmer pool ... 
Populating small kmer pool ... 
Populate kmer pool of 20000 elements 
Starting simple_linear_probing_hash_table
============= simple_linear_probing_hash_table ==============
20000 insertions:
5282793.047000 cycles | 0.002200 seconds
264.139652 cycles per insertion | 110.012350 ns
===============================================
Populate kmer pool of 20000 elements 
Starting simple_linear_probing_hash_table
============= simple_linear_probing_hash_table ==============
20000 insertions:
5231704.569000 cycles | 0.002179 seconds
261.585228 cycles per insertion | 108.948450 ns
===============================================
Populate kmer pool of 20000 elements 
Starting simple_linear_probing_hash_table
Populate kmer pool of 20000 elements 
============= simple_linear_probing_hash_table ==============
20000 insertions:
7896509.642000 cycles | 0.003289 seconds
394.825482 cycles per insertion | 164.442100 ns
===============================================
spawn_shard_threads, joined thread 0
Starting simple_linear_probing_hash_table
Populate kmer pool of 20000 elements 
============= simple_linear_probing_hash_table ==============
20000 insertions:
5729808.826000 cycles | 0.002386 seconds
286.490441 cycles per insertion | 119.321300 ns
===============================================
Populate kmer pool of 20000 elements 
Starting simple_linear_probing_hash_table
Starting simple_linear_probing_hash_table
============= simple_linear_probing_hash_table ==============
20000 insertions:
7117668.460000 cycles | 0.002964 seconds
355.883423 cycles per insertion | 148.223000 ns
===============================================
============= simple_linear_probing_hash_table ==============
20000 insertions:
6166209.784000 cycles | 0.002568 seconds
308.310489 cycles per insertion | 128.409200 ns
===============================================
Populate kmer pool of 20000 elements 
Populate kmer pool of 20000 elements 
Populate kmer pool of 20000 elements 
Populate kmer pool of 20000 elements 
Starting simple_linear_probing_hash_table
Starting simple_linear_probing_hash_table
Starting simple_linear_probing_hash_table
Starting simple_linear_probing_hash_table
============= simple_linear_probing_hash_table ==============
20000 insertions:
7695260.223000 cycles | 0.003205 seconds
384.763011 cycles per insertion | 160.251150 ns
===============================================
============= simple_linear_probing_hash_table ==============
20000 insertions:
7654114.286000 cycles | 0.003188 seconds
382.705714 cycles per insertion | 159.394300 ns
===============================================
============= simple_linear_probing_hash_table ==============
20000 insertions:
7835939.615000 cycles | 0.003264 seconds
391.796981 cycles per insertion | 163.180750 ns
===============================================
spawn_shard_threads, joined thread 1
spawn_shard_threads, joined thread 2
spawn_shard_threads, joined thread 3
spawn_shard_threads, joined thread 4
spawn_shard_threads, joined thread 5
spawn_shard_threads, joined thread 6
============= simple_linear_probing_hash_table ==============
20000 insertions:
7576235.450000 cycles | 0.003155 seconds
378.811773 cycles per insertion | 157.772500 ns
===============================================
spawn_shard_threads, joined thread 7
spawn_shard_threads, joined thread 8
spawn_shard_threads, joined thread 9
